2025-04-25 15:22:47,690 - testmain - INFO - Корневой был вызван
2025-04-25 15:22:49,759 - testmain - INFO - Эндпоинт /get-word был вызван
2025-04-25 15:22:50,531 - testmain - INFO - Эндпоинт /get-number был вызван
2025-04-25 15:22:49,272 - testmain - INFO - Эндпоинт /time был вызван
2025-04-25 15:22:50,079 - testmain - INFO - Эндпоинт /get-number был вызван
2025-04-25 15:22:50,770 - testmain - INFO - Эндпоинт /get-word был вызван
2025-04-25 15:22:51,458 - testmain - INFO - Эндпоинт /time был вызван
2025-04-25 15:37:59,020 - testmain - INFO - Корневой был вызван
2025-04-25 15:38:00,774 - testmain - INFO - Эндпоинт /get-number был вызван
2025-04-25 15:38:01,299 - testmain - INFO - Эндпоинт /get-word был вызван
2025-04-25 15:38:01,671 - testmain - INFO - Эндпоинт /time был вызван
2025-04-25 15:39:55,818 - testmain - INFO - Корневой был вызван
2025-04-25 15:51:00,365 - testmain - INFO - Корневой был вызван
2025-04-25 15:51:05,126 - testmain - INFO - Эндпоинт /time был вызван
2025-04-25 15:51:05,578 - testmain - INFO - Эндпоинт /get-number был вызван
2025-04-25 15:51:05,860 - testmain - INFO - Эндпоинт /get-word был вызван
2025-04-25 15:54:15,686 - testmain - INFO - Корневой был вызван
2025-04-25 15:54:23,811 - testmain - INFO - Эндпоинт /time был вызван
2025-05-01 15:43:35,840 - testmain - INFO - Корневой был вызван
2025-05-01 15:43:36,754 - testmain - INFO - Эндпоинт /get-word был вызван
2025-05-01 15:43:37,095 - testmain - INFO - Эндпоинт /get-number был вызван
2025-05-01 15:43:37,478 - testmain - INFO - Эндпоинт /time был вызван
2025-05-01 15:43:37,904 - testmain - INFO - Эндпоинт /get-number был вызван
2025-05-01 15:43:38,343 - testmain - INFO - Эндпоинт /get-word был вызван
2025-05-01 15:43:38,764 - testmain - INFO - Эндпоинт /get-number был вызван
2025-05-01 15:43:39,185 - testmain - INFO - Эндпоинт /time был вызван
2025-05-01 15:43:39,614 - testmain - INFO - Эндпоинт /get-number был вызван
2025-05-01 15:43:40,085 - testmain - INFO - Эндпоинт /get-word был вызван
2025-05-01 15:43:40,489 - testmain - INFO - Эндпоинт /get-number был вызван
2025-05-01 15:43:40,822 - testmain - INFO - Эндпоинт /time был вызван
{"asctime": "2025-05-01 16:05:35,839", "levelname": "INFO", "message": "\u041a\u043e\u0440\u043d\u0435\u0432\u043e\u0439 \u044d\u043d\u0434\u043f\u043e\u0438\u043d\u0442 \u0432\u044b\u0437\u0432\u0430\u043d", "endpoint": "/root", "status": "success", "level": "INFO", "module": "testmain"}
{"asctime": "2025-05-01 16:05:37,823", "levelname": "INFO", "message": "\u042d\u043d\u0434\u043f\u043e\u0438\u043d\u0442 \u0432\u044b\u0437\u0432\u0430\u043d", "endpoint": "/get-word", "status": "success", "level": "INFO", "module": "testmain"}
{"asctime": "2025-05-01 16:05:38,222", "levelname": "INFO", "message": "\u042d\u043d\u0434\u043f\u043e\u0438\u043d\u0442 \u0432\u044b\u0437\u0432\u0430\u043d", "endpoint": "/get-number", "status": "success", "level": "INFO", "module": "testmain"}
{"asctime": "2025-05-01 16:05:38,746", "levelname": "INFO", "message": "\u042d\u043d\u0434\u043f\u043e\u0438\u043d\u0442 \u0432\u044b\u0437\u0432\u0430\u043d", "endpoint": "/time", "status": "success", "level": "INFO", "module": "testmain"}
{"asctime": "2025-05-01 16:05:39,219", "levelname": "INFO", "message": "\u042d\u043d\u0434\u043f\u043e\u0438\u043d\u0442 \u0432\u044b\u0437\u0432\u0430\u043d", "endpoint": "/get-number", "status": "success", "level": "INFO", "module": "testmain"}
{"asctime": "2025-05-01 16:05:39,695", "levelname": "INFO", "message": "\u042d\u043d\u0434\u043f\u043e\u0438\u043d\u0442 \u0432\u044b\u0437\u0432\u0430\u043d", "endpoint": "/get-word", "status": "success", "level": "INFO", "module": "testmain"}
{"asctime": "2025-05-01 16:05:40,189", "levelname": "INFO", "message": "\u042d\u043d\u0434\u043f\u043e\u0438\u043d\u0442 \u0432\u044b\u0437\u0432\u0430\u043d", "endpoint": "/get-number", "status": "success", "level": "INFO", "module": "testmain"}
{"asctime": "2025-05-01 16:05:40,692", "levelname": "INFO", "message": "\u042d\u043d\u0434\u043f\u043e\u0438\u043d\u0442 \u0432\u044b\u0437\u0432\u0430\u043d", "endpoint": "/time", "status": "success", "level": "INFO", "module": "testmain"}
{"asctime": "2025-05-01 16:18:38,266", "levelname": "INFO", "message": "\u041a\u043e\u0440\u043d\u0435\u0432\u043e\u0439 \u044d\u043d\u0434\u043f\u043e\u0438\u043d\u0442 \u0432\u044b\u0437\u0432\u0430\u043d", "endpoint": "/root", "status": "success", "timestamp": "2025-05-01 16:18:38,266", "level": "INFO", "module": "testmain"}
{"asctime": "2025-05-01 16:18:39,040", "levelname": "INFO", "message": "\u042d\u043d\u0434\u043f\u043e\u0438\u043d\u0442 \u0432\u044b\u0437\u0432\u0430\u043d", "endpoint": "/get-word", "status": "success", "timestamp": "2025-05-01 16:18:39,040", "level": "INFO", "module": "testmain"}
{"asctime": "2025-05-01 16:18:39,585", "levelname": "INFO", "message": "\u042d\u043d\u0434\u043f\u043e\u0438\u043d\u0442 \u0432\u044b\u0437\u0432\u0430\u043d", "endpoint": "/get-number", "status": "success", "timestamp": "2025-05-01 16:18:39,585", "level": "INFO", "module": "testmain"}
{"asctime": "2025-05-01 16:18:39,825", "levelname": "INFO", "message": "\u042d\u043d\u0434\u043f\u043e\u0438\u043d\u0442 \u0432\u044b\u0437\u0432\u0430\u043d", "endpoint": "/time", "status": "success", "timestamp": "2025-05-01 16:18:39,825", "level": "INFO", "module": "testmain"}
{"asctime": "2025-05-01 16:18:40,260", "levelname": "INFO", "message": "\u042d\u043d\u0434\u043f\u043e\u0438\u043d\u0442 \u0432\u044b\u0437\u0432\u0430\u043d", "endpoint": "/get-number", "status": "success", "timestamp": "2025-05-01 16:18:40,260", "level": "INFO", "module": "testmain"}
{"asctime": "2025-05-01 16:18:40,650", "levelname": "INFO", "message": "\u042d\u043d\u0434\u043f\u043e\u0438\u043d\u0442 \u0432\u044b\u0437\u0432\u0430\u043d", "endpoint": "/get-word", "status": "success", "timestamp": "2025-05-01 16:18:40,650", "level": "INFO", "module": "testmain"}
{"asctime": "2025-05-01 16:18:40,995", "levelname": "INFO", "message": "\u042d\u043d\u0434\u043f\u043e\u0438\u043d\u0442 \u0432\u044b\u0437\u0432\u0430\u043d", "endpoint": "/get-number", "status": "success", "timestamp": "2025-05-01 16:18:40,995", "level": "INFO", "module": "testmain"}
{"asctime": "2025-05-01 16:18:41,354", "levelname": "INFO", "message": "\u042d\u043d\u0434\u043f\u043e\u0438\u043d\u0442 \u0432\u044b\u0437\u0432\u0430\u043d", "endpoint": "/time", "status": "success", "timestamp": "2025-05-01 16:18:41,354", "level": "INFO", "module": "testmain"}
{"timestamp": "2025-05-01 16:21:16,645", "level": "INFO", "message": "Корневой эндпоинт вызван", "module": "testmain", "lineno": 92}
{"timestamp": "2025-05-01 16:21:17,658", "level": "INFO", "message": "Эндпоинт вызван", "module": "testmain", "lineno": 78}
{"timestamp": "2025-05-01 16:21:18,163", "level": "INFO", "message": "Эндпоинт вызван", "module": "testmain", "lineno": 84}
{"timestamp": "2025-05-01 16:21:18,692", "level": "INFO", "message": "Эндпоинт вызван", "module": "testmain", "lineno": 72}
{"timestamp": "2025-05-01 16:21:19,169", "level": "INFO", "message": "Эндпоинт вызван", "module": "testmain", "lineno": 84}
{"timestamp": "2025-05-01 16:21:19,567", "level": "INFO", "message": "Эндпоинт вызван", "module": "testmain", "lineno": 78}
{"timestamp": "2025-05-01 16:21:20,494", "level": "INFO", "message": "Эндпоинт вызван", "module": "testmain", "lineno": 72}
{"timestamp": "2025-05-01 16:21:20,850", "level": "INFO", "message": "Эндпоинт вызван", "module": "testmain", "lineno": 84}
{"timestamp": "2025-05-01 16:22:40,191", "level": "INFO", "message": "Корневой эндпоинт вызван", "module": "testmain", "lineno": 95}
{"timestamp": "2025-05-01 16:22:41,655", "level": "INFO", "message": "Эндпоинт вызван", "module": "testmain", "lineno": 81}
{"timestamp": "2025-05-01 16:22:41,923", "level": "INFO", "message": "Эндпоинт вызван", "module": "testmain", "lineno": 87}
{"timestamp": "2025-05-01 16:22:42,293", "level": "INFO", "message": "Корневой эндпоинт вызван", "module": "testmain", "lineno": 72}
{"timestamp": "2025-05-01 16:22:42,710", "level": "INFO", "message": "Эндпоинт вызван", "module": "testmain", "lineno": 87}
{"timestamp": "2025-05-01 16:22:40,721", "level": "INFO", "message": "Эндпоинт вызван", "module": "testmain", "lineno": 81}
{"timestamp": "2025-05-01 16:22:41,093", "level": "INFO", "message": "Эндпоинт вызван", "module": "testmain", "lineno": 87}
{"timestamp": "2025-05-01 16:22:41,744", "level": "INFO", "message": "Корневой эндпоинт вызван", "module": "testmain", "lineno": 72}
{"timestamp": "2025-05-01 16:24:35,286", "level": "INFO", "message": "Корневой эндпоинт вызван", "module": "testmain", "lineno": 96}
{"timestamp": "2025-05-01 16:24:36,899", "level": "INFO", "message": "Эндпоинт вызван", "module": "testmain", "lineno": 76}
{"timestamp": "2025-05-01 16:24:37,399", "level": "INFO", "message": "Эндпоинт вызван", "module": "testmain", "lineno": 88}
{"timestamp": "2025-05-01 16:24:37,858", "level": "INFO", "message": "Эндпоинт вызван", "module": "testmain", "lineno": 82}
{"timestamp": "2025-05-01 16:24:38,188", "level": "INFO", "message": "Эндпоинт вызван", "module": "testmain", "lineno": 88}
{"timestamp": "2025-05-01 16:24:38,570", "level": "INFO", "message": "Эндпоинт вызван", "module": "testmain", "lineno": 76}
{"timestamp": "2025-05-01 16:24:38,908", "level": "INFO", "message": "Эндпоинт вызван", "module": "testmain", "lineno": 88}
{"timestamp": "2025-05-01 16:24:39,260", "level": "INFO", "message": "Эндпоинт вызван", "module": "testmain", "lineno": 82}
{"timestamp": "2025-05-01 16:25:22,083", "level": "INFO", "message": "Эндпоинт вызван", "module": "testmain", "lineno": 88}
{"timestamp": "2025-05-01 16:25:22,534", "level": "INFO", "message": "Эндпоинт вызван", "module": "testmain", "lineno": 94}
{"timestamp": "2025-05-01 16:25:22,819", "level": "INFO", "message": "Эндпоинт вызван", "module": "testmain", "lineno": 76}
{"timestamp": "2025-05-01 16:25:33,951", "level": "INFO", "message": "Корневой эндпоинт вызван", "module": "testmain", "lineno": 102}
{"timestamp": "2025-05-01 16:25:34,986", "level": "INFO", "message": "Эндпоинт вызван", "module": "testmain", "lineno": 94}
{"timestamp": "2025-05-01 16:25:35,365", "level": "INFO", "message": "Эндпоинт вызван", "module": "testmain", "lineno": 76}
{"timestamp": "2025-05-01 16:25:35,786", "level": "INFO", "message": "Эндпоинт вызван", "module": "testmain", "lineno": 88}
{"timestamp": "2025-05-01 16:25:36,124", "level": "INFO", "message": "Эндпоинт вызван", "module": "testmain", "lineno": 94}
{"timestamp": "2025-05-01 16:27:33,661", "level": "INFO", "message": "Корневой эндпоинт вызван", "module": "testmain", "lineno": 101, "name": "testmain", "msg": "Корневой эндпоинт вызван", "args": [], "levelname": "INFO", "levelno": 20, "pathname": "/home/dashkere/fastapi-test/testmain.py", "filename": "testmain.py", "exc_info": null, "exc_text": null, "stack_info": null, "funcName": "read_root", "created": 1746106053.6619492, "msecs": 661.0, "relativeCreated": 3191.459894180298, "thread": 140334415357632, "threadName": "AnyIO worker thread", "processName": "SpawnProcess-1", "process": 16478, "endpoint": "/root", "status": "success"}
{"timestamp": "2025-05-01 16:27:34,473", "level": "INFO", "message": "Эндпоинт вызван", "module": "testmain", "lineno": 87, "name": "testmain", "msg": "Эндпоинт вызван", "args": [], "levelname": "INFO", "levelno": 20, "pathname": "/home/dashkere/fastapi-test/testmain.py", "filename": "testmain.py", "exc_info": null, "exc_text": null, "stack_info": null, "funcName": "get_word", "created": 1746106054.4731464, "msecs": 473.0, "relativeCreated": 4002.657175064087, "thread": 140334415357632, "threadName": "AnyIO worker thread", "processName": "SpawnProcess-1", "process": 16478, "endpoint": "/get-word", "status": "success"}
{"timestamp": "2025-05-01 16:27:34,883", "level": "INFO", "message": "Эндпоинт вызван", "module": "testmain", "lineno": 93, "name": "testmain", "msg": "Эндпоинт вызван", "args": [], "levelname": "INFO", "levelno": 20, "pathname": "/home/dashkere/fastapi-test/testmain.py", "filename": "testmain.py", "exc_info": null, "exc_text": null, "stack_info": null, "funcName": "get_number", "created": 1746106054.8832693, "msecs": 883.0, "relativeCreated": 4412.780046463013, "thread": 140334415357632, "threadName": "AnyIO worker thread", "processName": "SpawnProcess-1", "process": 16478, "endpoint": "/get-number", "status": "success"}
{"timestamp": "2025-05-01 16:27:35,213", "level": "INFO", "message": "Эндпоинт вызван", "module": "testmain", "lineno": 75, "name": "testmain", "msg": "Эндпоинт вызван", "args": [], "levelname": "INFO", "levelno": 20, "pathname": "/home/dashkere/fastapi-test/testmain.py", "filename": "testmain.py", "exc_info": null, "exc_text": null, "stack_info": null, "funcName": "get_server_time", "created": 1746106055.213468, "msecs": 213.0, "relativeCreated": 4742.978811264038, "thread": 140334415357632, "threadName": "AnyIO worker thread", "processName": "SpawnProcess-1", "process": 16478, "endpoint": "/time", "status": "success"}
{"timestamp": "2025-05-01 16:27:35,563", "level": "INFO", "message": "Эндпоинт вызван", "module": "testmain", "lineno": 93, "name": "testmain", "msg": "Эндпоинт вызван", "args": [], "levelname": "INFO", "levelno": 20, "pathname": "/home/dashkere/fastapi-test/testmain.py", "filename": "testmain.py", "exc_info": null, "exc_text": null, "stack_info": null, "funcName": "get_number", "created": 1746106055.563929, "msecs": 563.0, "relativeCreated": 5093.439817428589, "thread": 140334415357632, "threadName": "AnyIO worker thread", "processName": "SpawnProcess-1", "process": 16478, "endpoint": "/get-number", "status": "success"}
{"timestamp": "2025-05-01 16:27:35,859", "level": "INFO", "message": "Эндпоинт вызван", "module": "testmain", "lineno": 87, "name": "testmain", "msg": "Эндпоинт вызван", "args": [], "levelname": "INFO", "levelno": 20, "pathname": "/home/dashkere/fastapi-test/testmain.py", "filename": "testmain.py", "exc_info": null, "exc_text": null, "stack_info": null, "funcName": "get_word", "created": 1746106055.8591926, "msecs": 859.0, "relativeCreated": 5388.703346252441, "thread": 140334415357632, "threadName": "AnyIO worker thread", "processName": "SpawnProcess-1", "process": 16478, "endpoint": "/get-word", "status": "success"}
{"timestamp": "2025-05-01 16:29:31,571", "level": "INFO", "message": "Корневой эндпоинт вызван", "module": "testmain", "lineno": 105}
{"timestamp": "2025-05-01 16:29:32,915", "level": "INFO", "message": "Эндпоинт вызван", "module": "testmain", "lineno": 91}
{"timestamp": "2025-05-01 16:29:33,231", "level": "INFO", "message": "Эндпоинт вызван", "module": "testmain", "lineno": 97}
{"timestamp": "2025-05-01 16:29:33,499", "level": "INFO", "message": "Эндпоинт вызван", "module": "testmain", "lineno": 79}
{"timestamp": "2025-05-01 16:32:43,728", "level": "INFO", "message": "Корневой эндпоинт вызван", "module": "testmain", "lineno": 107, "name": "testmain", "msg": "Корневой эндпоинт вызван", "args": [], "levelname": "INFO", "levelno": 20, "pathname": "/home/dashkere/fastapi-test/testmain.py", "filename": "testmain.py", "exc_info": null, "exc_text": null, "stack_info": null, "funcName": "read_root", "created": 1746106363.7288291, "msecs": 728.0, "relativeCreated": 2819.350004196167, "thread": 140263332161216, "threadName": "AnyIO worker thread", "processName": "SpawnProcess-1", "process": 17752, "endpoint": "/root", "status": "success"}
{"timestamp": "2025-05-01 16:32:44,490", "level": "INFO", "message": "Эндпоинт вызван", "module": "testmain", "lineno": 93, "name": "testmain", "msg": "Эндпоинт вызван", "args": [], "levelname": "INFO", "levelno": 20, "pathname": "/home/dashkere/fastapi-test/testmain.py", "filename": "testmain.py", "exc_info": null, "exc_text": null, "stack_info": null, "funcName": "get_word", "created": 1746106364.4902291, "msecs": 490.0, "relativeCreated": 3580.749988555908, "thread": 140263332161216, "threadName": "AnyIO worker thread", "processName": "SpawnProcess-1", "process": 17752, "endpoint": "/get-word", "status": "success"}
{"timestamp": "2025-05-01 16:32:44,810", "level": "INFO", "message": "Эндпоинт вызван", "module": "testmain", "lineno": 99, "name": "testmain", "msg": "Эндпоинт вызван", "args": [], "levelname": "INFO", "levelno": 20, "pathname": "/home/dashkere/fastapi-test/testmain.py", "filename": "testmain.py", "exc_info": null, "exc_text": null, "stack_info": null, "funcName": "get_number", "created": 1746106364.8108783, "msecs": 810.0, "relativeCreated": 3901.3991355895996, "thread": 140263332161216, "threadName": "AnyIO worker thread", "processName": "SpawnProcess-1", "process": 17752, "endpoint": "/get-number", "status": "success"}
{"timestamp": "2025-05-01 16:32:45,134", "level": "INFO", "message": "Эндпоинт вызван", "module": "testmain", "lineno": 81, "name": "testmain", "msg": "Эндпоинт вызван", "args": [], "levelname": "INFO", "levelno": 20, "pathname": "/home/dashkere/fastapi-test/testmain.py", "filename": "testmain.py", "exc_info": null, "exc_text": null, "stack_info": null, "funcName": "get_server_time", "created": 1746106365.1342442, "msecs": 134.0, "relativeCreated": 4224.765062332153, "thread": 140263332161216, "threadName": "AnyIO worker thread", "processName": "SpawnProcess-1", "process": 17752, "endpoint": "/time", "status": "success"}
{"timestamp": "2025-05-01 16:34:09,238", "level": "INFO", "message": "Корневой эндпоинт вызван", "module": "testmain", "lineno": 107, "endpoint": "/root", "status": "success"}
{"timestamp": "2025-05-01 16:34:10,368", "level": "INFO", "message": "Эндпоинт вызван", "module": "testmain", "lineno": 93, "endpoint": "/get-word", "status": "success"}
{"timestamp": "2025-05-01 16:34:10,654", "level": "INFO", "message": "Эндпоинт вызван", "module": "testmain", "lineno": 99, "endpoint": "/get-number", "status": "success"}
{"timestamp": "2025-05-01 16:34:11,032", "level": "INFO", "message": "Эндпоинт вызван", "module": "testmain", "lineno": 81, "endpoint": "/time", "status": "success"}
{"timestamp": "2025-05-01 16:34:26,561", "level": "INFO", "message": "Эндпоинт вызван", "module": "testmain", "lineno": 93, "endpoint": "/get-word", "status": "success"}
{"timestamp": "2025-05-01 16:34:26,823", "level": "INFO", "message": "Эндпоинт вызван", "module": "testmain", "lineno": 99, "endpoint": "/get-number", "status": "success"}
{"timestamp": "2025-05-01 16:34:27,146", "level": "INFO", "message": "Эндпоинт вызван", "module": "testmain", "lineno": 81, "endpoint": "/time", "status": "success"}
{"timestamp": "2025-05-01 16:34:32,248", "level": "INFO", "message": "Эндпоинт вызван", "module": "testmain", "lineno": 93, "endpoint": "/get-word", "status": "success"}
{"timestamp": "2025-05-01 16:34:32,520", "level": "INFO", "message": "Эндпоинт вызван", "module": "testmain", "lineno": 99, "endpoint": "/get-number", "status": "success"}
{"timestamp": "2025-05-01 16:34:32,803", "level": "INFO", "message": "Эндпоинт вызван", "module": "testmain", "lineno": 81, "endpoint": "/time", "status": "success"}
{"timestamp": "2025-05-01 16:34:47,481", "level": "INFO", "message": "Эндпоинт вызван", "module": "testmain", "lineno": 99, "endpoint": "/get-number", "status": "success"}
{"timestamp": "2025-05-01 16:34:47,841", "level": "INFO", "message": "Эндпоинт вызван", "module": "testmain", "lineno": 93, "endpoint": "/get-word", "status": "success"}
{"timestamp": "2025-05-01 16:34:48,214", "level": "INFO", "message": "Эндпоинт вызван", "module": "testmain", "lineno": 81, "endpoint": "/time", "status": "success"}
{"timestamp": "2025-05-01 16:34:54,321", "level": "INFO", "message": "Эндпоинт вызван", "module": "testmain", "lineno": 99, "endpoint": "/get-number", "status": "success"}
{"timestamp": "2025-05-01 16:34:54,603", "level": "INFO", "message": "Эндпоинт вызван", "module": "testmain", "lineno": 93, "endpoint": "/get-word", "status": "success"}
{"timestamp": "2025-05-01 16:34:54,892", "level": "INFO", "message": "Эндпоинт вызван", "module": "testmain", "lineno": 81, "endpoint": "/time", "status": "success"}
{"timestamp": "2025-05-01 16:35:06,047", "level": "INFO", "message": "Эндпоинт вызван", "module": "testmain", "lineno": 99, "endpoint": "/get-number", "status": "success"}
{"timestamp": "2025-05-01 16:35:06,357", "level": "INFO", "message": "Эндпоинт вызван", "module": "testmain", "lineno": 93, "endpoint": "/get-word", "status": "success"}
{"timestamp": "2025-05-02 19:54:21,922", "level": "INFO", "message": "Корневой эндпоинт вызван", "module": "testmain", "lineno": 136, "endpoint": "/root", "status": "success"}
{"timestamp": "2025-05-02 19:54:44,316", "level": "INFO", "message": "Эндпоинт вызван", "module": "testmain", "lineno": 110, "endpoint": "/time", "status": "success"}
{"timestamp": "2025-05-02 19:59:51,603", "level": "INFO", "message": "Эндпоинт вызван", "module": "testmain", "lineno": 110, "endpoint": "/time", "status": "success"}
{"timestamp": "2025-05-02 22:51:00,053", "level": "INFO", "message": "Корневой эндпоинт вызван", "module": "testmain", "lineno": 136, "endpoint": "/root", "status": "success"}
{"timestamp": "2025-05-02 22:51:22,109", "level": "INFO", "message": "Эндпоинт вызван", "module": "testmain", "lineno": 110, "endpoint": "/time", "status": "success"}
{"timestamp": "2025-05-02 22:57:08,845", "level": "INFO", "message": "Корневой эндпоинт вызван", "module": "testmain", "lineno": 137, "endpoint": "/root", "status": "success"}
{"timestamp": "2025-05-02 22:57:24,279", "level": "INFO", "message": "Эндпоинт вызван", "module": "testmain", "lineno": 111, "endpoint": "/time", "status": "success"}
{"timestamp": "2025-05-02 22:58:23,701", "level": "INFO", "message": "Эндпоинт вызван", "module": "testmain", "lineno": 111, "endpoint": "/time", "status": "success"}
{"timestamp": "2025-05-03 14:33:09,899", "level": "INFO", "message": "Корневой эндпоинт вызван", "module": "testmain", "lineno": 109, "endpoint": "/root", "status": "success"}
{"timestamp": "2025-05-03 14:33:24,426", "level": "INFO", "message": "Эндпоинт вызван", "module": "testmain", "lineno": 95, "endpoint": "/get-word", "status": "success"}
{"timestamp": "2025-05-03 14:33:24,919", "level": "INFO", "message": "Эндпоинт вызван", "module": "testmain", "lineno": 101, "endpoint": "/get-number", "status": "success"}
{"timestamp": "2025-05-03 14:33:25,366", "level": "INFO", "message": "Эндпоинт вызван", "module": "testmain", "lineno": 83, "endpoint": "/time", "status": "success"}
{"timestamp": "2025-05-03 14:33:42,167", "level": "INFO", "message": "Корневой эндпоинт вызван", "module": "testmain", "lineno": 109, "endpoint": "/root", "status": "success"}
{"timestamp": "2025-05-03 14:33:44,217", "level": "INFO", "message": "Эндпоинт вызван", "module": "testmain", "lineno": 101, "endpoint": "/get-number", "status": "success"}
{"timestamp": "2025-05-03 14:33:44,580", "level": "INFO", "message": "Эндпоинт вызван", "module": "testmain", "lineno": 95, "endpoint": "/get-word", "status": "success"}
{"timestamp": "2025-05-03 14:33:45,091", "level": "INFO", "message": "Эндпоинт вызван", "module": "testmain", "lineno": 83, "endpoint": "/time", "status": "success"}
{"timestamp": "2025-05-03 14:33:53,904", "level": "INFO", "message": "Корневой эндпоинт вызван", "module": "testmain", "lineno": 109, "endpoint": "/root", "status": "success"}
{"timestamp": "2025-05-03 14:33:55,080", "level": "INFO", "message": "Эндпоинт вызван", "module": "testmain", "lineno": 95, "endpoint": "/get-word", "status": "success"}
{"timestamp": "2025-05-03 14:33:55,466", "level": "INFO", "message": "Эндпоинт вызван", "module": "testmain", "lineno": 101, "endpoint": "/get-number", "status": "success"}
{"timestamp": "2025-05-03 14:33:55,864", "level": "INFO", "message": "Эндпоинт вызван", "module": "testmain", "lineno": 83, "endpoint": "/time", "status": "success"}
{"timestamp": "2025-05-03 14:37:29,195", "level": "INFO", "message": "Корневой эндпоинт вызван", "module": "testmain", "lineno": 111, "endpoint": "/root", "status": "success"}
{"timestamp": "2025-05-03 14:37:32,252", "level": "INFO", "message": "Эндпоинт вызван", "module": "testmain", "lineno": 97, "endpoint": "/get-word", "status": "success"}
{"timestamp": "2025-05-03 14:37:32,696", "level": "INFO", "message": "Эндпоинт вызван", "module": "testmain", "lineno": 103, "endpoint": "/get-number", "status": "success"}
{"timestamp": "2025-05-03 14:37:33,574", "level": "INFO", "message": "Эндпоинт вызван", "module": "testmain", "lineno": 103, "endpoint": "/get-number", "status": "success"}
{"timestamp": "2025-05-03 14:37:33,926", "level": "INFO", "message": "Эндпоинт вызван", "module": "testmain", "lineno": 85, "endpoint": "/time", "status": "success"}
{"timestamp": "2025-05-03 14:37:34,480", "level": "INFO", "message": "Эндпоинт вызван", "module": "testmain", "lineno": 103, "endpoint": "/get-number", "status": "success"}
{"timestamp": "2025-05-03 14:38:02,456", "level": "INFO", "message": "Корневой эндпоинт вызван", "module": "testmain", "lineno": 111, "endpoint": "/root", "status": "success"}
{"timestamp": "2025-05-03 14:38:04,948", "level": "INFO", "message": "Эндпоинт вызван", "module": "testmain", "lineno": 85, "endpoint": "/time", "status": "success"}
{"timestamp": "2025-05-03 14:38:05,333", "level": "INFO", "message": "Эндпоинт вызван", "module": "testmain", "lineno": 103, "endpoint": "/get-number", "status": "success"}
{"timestamp": "2025-05-03 14:38:05,685", "level": "INFO", "message": "Эндпоинт вызван", "module": "testmain", "lineno": 97, "endpoint": "/get-word", "status": "success"}
{"timestamp": "2025-05-03 14:38:06,718", "level": "INFO", "message": "Эндпоинт вызван", "module": "testmain", "lineno": 85, "endpoint": "/time", "status": "success"}
{"timestamp": "2025-05-03 14:38:07,101", "level": "INFO", "message": "Эндпоинт вызван", "module": "testmain", "lineno": 103, "endpoint": "/get-number", "status": "success"}
{"timestamp": "2025-05-03 14:38:07,505", "level": "INFO", "message": "Эндпоинт вызван", "module": "testmain", "lineno": 97, "endpoint": "/get-word", "status": "success"}
{"timestamp": "2025-05-03 14:38:07,849", "level": "INFO", "message": "Эндпоинт вызван", "module": "testmain", "lineno": 103, "endpoint": "/get-number", "status": "success"}
{"timestamp": "2025-05-03 14:38:08,207", "level": "INFO", "message": "Эндпоинт вызван", "module": "testmain", "lineno": 85, "endpoint": "/time", "status": "success"}
{"timestamp": "2025-05-03 14:38:24,866", "level": "INFO", "message": "Корневой эндпоинт вызван", "module": "testmain", "lineno": 111, "endpoint": "/root", "status": "success"}
{"timestamp": "2025-05-03 14:38:25,855", "level": "INFO", "message": "Эндпоинт вызван", "module": "testmain", "lineno": 97, "endpoint": "/get-word", "status": "success"}
{"timestamp": "2025-05-03 14:38:26,143", "level": "INFO", "message": "Эндпоинт вызван", "module": "testmain", "lineno": 103, "endpoint": "/get-number", "status": "success"}
{"timestamp": "2025-05-03 14:38:26,499", "level": "INFO", "message": "Эндпоинт вызван", "module": "testmain", "lineno": 85, "endpoint": "/time", "status": "success"}
{"timestamp": "2025-05-03 14:38:26,804", "level": "INFO", "message": "Эндпоинт вызван", "module": "testmain", "lineno": 103, "endpoint": "/get-number", "status": "success"}
{"timestamp": "2025-05-03 14:38:27,186", "level": "INFO", "message": "Эндпоинт вызван", "module": "testmain", "lineno": 97, "endpoint": "/get-word", "status": "success"}
{"timestamp": "2025-05-03 14:38:28,456", "level": "INFO", "message": "Эндпоинт вызван", "module": "testmain", "lineno": 103, "endpoint": "/get-number", "status": "success"}
{"timestamp": "2025-05-03 14:38:28,697", "level": "INFO", "message": "Эндпоинт вызван", "module": "testmain", "lineno": 85, "endpoint": "/time", "status": "success"}
{"timestamp": "2025-05-03 14:38:29,085", "level": "INFO", "message": "Эндпоинт вызван", "module": "testmain", "lineno": 97, "endpoint": "/get-word", "status": "success"}
{"timestamp": "2025-05-03 14:38:30,165", "level": "INFO", "message": "Эндпоинт вызван", "module": "testmain", "lineno": 103, "endpoint": "/get-number", "status": "success"}
{"timestamp": "2025-05-03 14:38:30,443", "level": "INFO", "message": "Эндпоинт вызван", "module": "testmain", "lineno": 85, "endpoint": "/time", "status": "success"}
{"timestamp": "2025-05-03 14:38:30,824", "level": "INFO", "message": "Эндпоинт вызван", "module": "testmain", "lineno": 97, "endpoint": "/get-word", "status": "success"}
{"timestamp": "2025-05-03 14:38:54,024", "level": "INFO", "message": "Эндпоинт вызван", "module": "testmain", "lineno": 97, "endpoint": "/get-word", "status": "success"}
{"timestamp": "2025-05-03 14:38:54,294", "level": "INFO", "message": "Эндпоинт вызван", "module": "testmain", "lineno": 103, "endpoint": "/get-number", "status": "success"}
{"timestamp": "2025-05-03 14:38:54,604", "level": "INFO", "message": "Эндпоинт вызван", "module": "testmain", "lineno": 85, "endpoint": "/time", "status": "success"}
{"timestamp": "2025-05-03 14:38:55,412", "level": "INFO", "message": "Корневой эндпоинт вызван", "module": "testmain", "lineno": 111, "endpoint": "/root", "status": "success"}
{"timestamp": "2025-05-03 14:39:10,570", "level": "INFO", "message": "Корневой эндпоинт вызван", "module": "testmain", "lineno": 111, "endpoint": "/root", "status": "success"}
{"timestamp": "2025-05-03 14:39:12,870", "level": "INFO", "message": "Эндпоинт вызван", "module": "testmain", "lineno": 97, "endpoint": "/get-word", "status": "success"}
{"timestamp": "2025-05-03 14:39:13,122", "level": "INFO", "message": "Эндпоинт вызван", "module": "testmain", "lineno": 103, "endpoint": "/get-number", "status": "success"}
{"timestamp": "2025-05-03 14:39:13,466", "level": "INFO", "message": "Эндпоинт вызван", "module": "testmain", "lineno": 85, "endpoint": "/time", "status": "success"}
{"timestamp": "2025-05-03 14:39:20,135", "level": "INFO", "message": "Корневой эндпоинт вызван", "module": "testmain", "lineno": 111, "endpoint": "/root", "status": "success"}
{"timestamp": "2025-05-03 14:39:21,001", "level": "INFO", "message": "Эндпоинт вызван", "module": "testmain", "lineno": 97, "endpoint": "/get-word", "status": "success"}
{"timestamp": "2025-05-03 14:39:21,268", "level": "INFO", "message": "Эндпоинт вызван", "module": "testmain", "lineno": 103, "endpoint": "/get-number", "status": "success"}
{"timestamp": "2025-05-03 14:39:21,589", "level": "INFO", "message": "Эндпоинт вызван", "module": "testmain", "lineno": 85, "endpoint": "/time", "status": "success"}
{"timestamp": "2025-05-03 14:39:28,949", "level": "INFO", "message": "Корневой эндпоинт вызван", "module": "testmain", "lineno": 111, "endpoint": "/root", "status": "success"}
{"timestamp": "2025-05-03 14:39:30,661", "level": "INFO", "message": "Эндпоинт вызван", "module": "testmain", "lineno": 97, "endpoint": "/get-word", "status": "success"}
{"timestamp": "2025-05-03 14:39:30,929", "level": "INFO", "message": "Эндпоинт вызван", "module": "testmain", "lineno": 103, "endpoint": "/get-number", "status": "success"}
{"timestamp": "2025-05-03 14:39:31,266", "level": "INFO", "message": "Эндпоинт вызван", "module": "testmain", "lineno": 85, "endpoint": "/time", "status": "success"}
{"timestamp": "2025-05-03 14:45:44,668", "level": "INFO", "message": "Корневой эндпоинт вызван", "module": "testmain", "lineno": 111, "endpoint": "/root", "status": "success"}
{"timestamp": "2025-05-03 14:45:44,705", "level": "INFO", "message": "Корневой эндпоинт вызван", "module": "testmain", "lineno": 111, "endpoint": "/root", "status": "success"}
{"timestamp": "2025-05-03 14:45:44,740", "level": "INFO", "message": "Корневой эндпоинт вызван", "module": "testmain", "lineno": 111, "endpoint": "/root", "status": "success"}
{"timestamp": "2025-05-03 14:49:16,324", "level": "INFO", "message": "Корневой эндпоинт вызван", "module": "testmain", "lineno": 111, "endpoint": "/root", "status": "success"}
{"timestamp": "2025-05-03 14:49:16,368", "level": "INFO", "message": "Корневой эндпоинт вызван", "module": "testmain", "lineno": 111, "endpoint": "/root", "status": "success"}
{"timestamp": "2025-05-03 14:49:16,393", "level": "INFO", "message": "Корневой эндпоинт вызван", "module": "testmain", "lineno": 111, "endpoint": "/root", "status": "success"}
{"timestamp": "2025-05-03 14:59:56,517", "level": "INFO", "message": "Корневой эндпоинт вызван", "module": "testmain", "lineno": 111, "endpoint": "/root", "status": "success"}
{"timestamp": "2025-05-03 14:59:57,638", "level": "INFO", "message": "Эндпоинт вызван", "module": "testmain", "lineno": 97, "endpoint": "/get-word", "status": "success"}
{"timestamp": "2025-05-03 14:59:57,965", "level": "INFO", "message": "Эндпоинт вызван", "module": "testmain", "lineno": 103, "endpoint": "/get-number", "status": "success"}
{"timestamp": "2025-05-03 14:59:58,265", "level": "INFO", "message": "Эндпоинт вызван", "module": "testmain", "lineno": 85, "endpoint": "/time", "status": "success"}
{"timestamp": "2025-05-03 15:00:05,263", "level": "INFO", "message": "Корневой эндпоинт вызван", "module": "testmain", "lineno": 111, "endpoint": "/root", "status": "success"}
{"timestamp": "2025-05-03 15:00:06,641", "level": "INFO", "message": "Эндпоинт вызван", "module": "testmain", "lineno": 103, "endpoint": "/get-number", "status": "success"}
{"timestamp": "2025-05-03 15:00:07,008", "level": "INFO", "message": "Эндпоинт вызван", "module": "testmain", "lineno": 97, "endpoint": "/get-word", "status": "success"}
{"timestamp": "2025-05-03 15:00:07,388", "level": "INFO", "message": "Эндпоинт вызван", "module": "testmain", "lineno": 85, "endpoint": "/time", "status": "success"}
{"timestamp": "2025-05-03 15:00:14,357", "level": "INFO", "message": "Корневой эндпоинт вызван", "module": "testmain", "lineno": 111, "endpoint": "/root", "status": "success"}
{"timestamp": "2025-05-03 15:00:15,218", "level": "INFO", "message": "Эндпоинт вызван", "module": "testmain", "lineno": 97, "endpoint": "/get-word", "status": "success"}
{"timestamp": "2025-05-03 15:00:15,494", "level": "INFO", "message": "Эндпоинт вызван", "module": "testmain", "lineno": 103, "endpoint": "/get-number", "status": "success"}
{"timestamp": "2025-05-03 15:00:15,754", "level": "INFO", "message": "Эндпоинт вызван", "module": "testmain", "lineno": 85, "endpoint": "/time", "status": "success"}
{"timestamp": "2025-05-03 15:00:51,299", "level": "INFO", "message": "Корневой эндпоинт вызван", "module": "testmain", "lineno": 111, "endpoint": "/root", "status": "success"}
{"timestamp": "2025-05-03 15:00:51,316", "level": "INFO", "message": "Корневой эндпоинт вызван", "module": "testmain", "lineno": 111, "endpoint": "/root", "status": "success"}
{"timestamp": "2025-05-03 15:00:51,338", "level": "INFO", "message": "Корневой эндпоинт вызван", "module": "testmain", "lineno": 111, "endpoint": "/root", "status": "success"}
{"timestamp": "2025-05-03 15:00:51,356", "level": "INFO", "message": "Корневой эндпоинт вызван", "module": "testmain", "lineno": 111, "endpoint": "/root", "status": "success"}
{"timestamp": "2025-05-03 15:00:51,377", "level": "INFO", "message": "Корневой эндпоинт вызван", "module": "testmain", "lineno": 111, "endpoint": "/root", "status": "success"}
{"timestamp": "2025-05-03 15:00:51,395", "level": "INFO", "message": "Корневой эндпоинт вызван", "module": "testmain", "lineno": 111, "endpoint": "/root", "status": "success"}
{"timestamp": "2025-05-03 15:00:51,419", "level": "INFO", "message": "Корневой эндпоинт вызван", "module": "testmain", "lineno": 111, "endpoint": "/root", "status": "success"}
{"timestamp": "2025-05-03 15:00:51,441", "level": "INFO", "message": "Корневой эндпоинт вызван", "module": "testmain", "lineno": 111, "endpoint": "/root", "status": "success"}
{"timestamp": "2025-05-03 15:00:51,471", "level": "INFO", "message": "Корневой эндпоинт вызван", "module": "testmain", "lineno": 111, "endpoint": "/root", "status": "success"}
{"timestamp": "2025-05-03 15:00:51,495", "level": "INFO", "message": "Корневой эндпоинт вызван", "module": "testmain", "lineno": 111, "endpoint": "/root", "status": "success"}
{"timestamp": "2025-05-03 15:03:05,584", "level": "INFO", "message": "Корневой эндпоинт вызван", "module": "testmain", "lineno": 111, "endpoint": "/root", "status": "success"}
{"timestamp": "2025-05-03 15:03:05,604", "level": "INFO", "message": "Корневой эндпоинт вызван", "module": "testmain", "lineno": 111, "endpoint": "/root", "status": "success"}
{"timestamp": "2025-05-03 15:03:05,622", "level": "INFO", "message": "Корневой эндпоинт вызван", "module": "testmain", "lineno": 111, "endpoint": "/root", "status": "success"}
{"timestamp": "2025-05-03 15:04:30,896", "level": "INFO", "message": "Корневой эндпоинт вызван", "module": "testmain", "lineno": 111, "endpoint": "/root", "status": "success"}
{"timestamp": "2025-05-03 15:04:30,909", "level": "INFO", "message": "Корневой эндпоинт вызван", "module": "testmain", "lineno": 111, "endpoint": "/root", "status": "success"}
{"timestamp": "2025-05-03 15:04:30,924", "level": "INFO", "message": "Корневой эндпоинт вызван", "module": "testmain", "lineno": 111, "endpoint": "/root", "status": "success"}
{"timestamp": "2025-05-03 15:04:30,942", "level": "INFO", "message": "Корневой эндпоинт вызван", "module": "testmain", "lineno": 111, "endpoint": "/root", "status": "success"}
{"timestamp": "2025-05-03 15:04:30,957", "level": "INFO", "message": "Корневой эндпоинт вызван", "module": "testmain", "lineno": 111, "endpoint": "/root", "status": "success"}
{"timestamp": "2025-05-03 15:04:30,971", "level": "INFO", "message": "Корневой эндпоинт вызван", "module": "testmain", "lineno": 111, "endpoint": "/root", "status": "success"}
{"timestamp": "2025-05-03 15:04:30,985", "level": "INFO", "message": "Корневой эндпоинт вызван", "module": "testmain", "lineno": 111, "endpoint": "/root", "status": "success"}
{"timestamp": "2025-05-03 15:04:31,005", "level": "INFO", "message": "Корневой эндпоинт вызван", "module": "testmain", "lineno": 111, "endpoint": "/root", "status": "success"}
{"timestamp": "2025-05-03 15:04:31,022", "level": "INFO", "message": "Корневой эндпоинт вызван", "module": "testmain", "lineno": 111, "endpoint": "/root", "status": "success"}
{"timestamp": "2025-05-03 15:04:31,042", "level": "INFO", "message": "Корневой эндпоинт вызван", "module": "testmain", "lineno": 111, "endpoint": "/root", "status": "success"}
{"timestamp": "2025-05-03 15:06:07,427", "level": "INFO", "message": "Корневой эндпоинт вызван", "module": "testmain", "lineno": 111, "endpoint": "/root", "status": "success"}
{"timestamp": "2025-05-03 15:06:07,441", "level": "INFO", "message": "Корневой эндпоинт вызван", "module": "testmain", "lineno": 111, "endpoint": "/root", "status": "success"}
{"timestamp": "2025-05-03 15:06:07,457", "level": "INFO", "message": "Корневой эндпоинт вызван", "module": "testmain", "lineno": 111, "endpoint": "/root", "status": "success"}
{"timestamp": "2025-05-03 15:06:07,472", "level": "INFO", "message": "Корневой эндпоинт вызван", "module": "testmain", "lineno": 111, "endpoint": "/root", "status": "success"}
{"timestamp": "2025-05-03 15:06:07,488", "level": "INFO", "message": "Корневой эндпоинт вызван", "module": "testmain", "lineno": 111, "endpoint": "/root", "status": "success"}
{"timestamp": "2025-05-03 15:06:07,503", "level": "INFO", "message": "Корневой эндпоинт вызван", "module": "testmain", "lineno": 111, "endpoint": "/root", "status": "success"}
{"timestamp": "2025-05-03 15:06:07,515", "level": "INFO", "message": "Корневой эндпоинт вызван", "module": "testmain", "lineno": 111, "endpoint": "/root", "status": "success"}
{"timestamp": "2025-05-03 15:06:07,529", "level": "INFO", "message": "Корневой эндпоинт вызван", "module": "testmain", "lineno": 111, "endpoint": "/root", "status": "success"}
{"timestamp": "2025-05-03 15:06:07,544", "level": "INFO", "message": "Корневой эндпоинт вызван", "module": "testmain", "lineno": 111, "endpoint": "/root", "status": "success"}
{"timestamp": "2025-05-03 15:06:07,560", "level": "INFO", "message": "Корневой эндпоинт вызван", "module": "testmain", "lineno": 111, "endpoint": "/root", "status": "success"}
{"timestamp": "2025-05-03 15:10:03,699", "level": "INFO", "message": "Корневой эндпоинт вызван", "module": "testmain", "lineno": 111, "endpoint": "/root", "status": "success"}
{"timestamp": "2025-05-03 15:10:03,716", "level": "INFO", "message": "Корневой эндпоинт вызван", "module": "testmain", "lineno": 111, "endpoint": "/root", "status": "success"}
{"timestamp": "2025-05-03 15:10:03,731", "level": "INFO", "message": "Корневой эндпоинт вызван", "module": "testmain", "lineno": 111, "endpoint": "/root", "status": "success"}
{"timestamp": "2025-05-03 15:10:03,747", "level": "INFO", "message": "Корневой эндпоинт вызван", "module": "testmain", "lineno": 111, "endpoint": "/root", "status": "success"}
{"timestamp": "2025-05-03 15:10:03,760", "level": "INFO", "message": "Корневой эндпоинт вызван", "module": "testmain", "lineno": 111, "endpoint": "/root", "status": "success"}
{"timestamp": "2025-05-03 15:10:03,774", "level": "INFO", "message": "Корневой эндпоинт вызван", "module": "testmain", "lineno": 111, "endpoint": "/root", "status": "success"}
{"timestamp": "2025-05-03 15:10:03,789", "level": "INFO", "message": "Корневой эндпоинт вызван", "module": "testmain", "lineno": 111, "endpoint": "/root", "status": "success"}
{"timestamp": "2025-05-03 15:10:03,803", "level": "INFO", "message": "Корневой эндпоинт вызван", "module": "testmain", "lineno": 111, "endpoint": "/root", "status": "success"}
{"timestamp": "2025-05-03 15:10:03,815", "level": "INFO", "message": "Корневой эндпоинт вызван", "module": "testmain", "lineno": 111, "endpoint": "/root", "status": "success"}
{"timestamp": "2025-05-03 15:10:03,829", "level": "INFO", "message": "Корневой эндпоинт вызван", "module": "testmain", "lineno": 111, "endpoint": "/root", "status": "success"}
{"timestamp": "2025-05-03 15:18:55,219", "level": "INFO", "message": "Корневой эндпоинт вызван", "module": "testmain", "lineno": 111, "endpoint": "/root", "status": "success"}
{"timestamp": "2025-05-03 15:18:55,295", "level": "INFO", "message": "Корневой эндпоинт вызван", "module": "testmain", "lineno": 111, "endpoint": "/root", "status": "success"}
{"timestamp": "2025-05-03 15:18:55,368", "level": "INFO", "message": "Корневой эндпоинт вызван", "module": "testmain", "lineno": 111, "endpoint": "/root", "status": "success"}
{"timestamp": "2025-05-03 15:18:55,395", "level": "INFO", "message": "Корневой эндпоинт вызван", "module": "testmain", "lineno": 111, "endpoint": "/root", "status": "success"}
{"timestamp": "2025-05-03 15:18:55,476", "level": "INFO", "message": "Корневой эндпоинт вызван", "module": "testmain", "lineno": 111, "endpoint": "/root", "status": "success"}
{"timestamp": "2025-05-03 15:18:55,489", "level": "INFO", "message": "Корневой эндпоинт вызван", "module": "testmain", "lineno": 111, "endpoint": "/root", "status": "success"}
{"timestamp": "2025-05-03 15:18:55,502", "level": "INFO", "message": "Корневой эндпоинт вызван", "module": "testmain", "lineno": 111, "endpoint": "/root", "status": "success"}
{"timestamp": "2025-05-03 15:18:55,514", "level": "INFO", "message": "Корневой эндпоинт вызван", "module": "testmain", "lineno": 111, "endpoint": "/root", "status": "success"}
{"timestamp": "2025-05-03 15:18:55,527", "level": "INFO", "message": "Корневой эндпоинт вызван", "module": "testmain", "lineno": 111, "endpoint": "/root", "status": "success"}
{"timestamp": "2025-05-03 15:18:55,601", "level": "INFO", "message": "Корневой эндпоинт вызван", "module": "testmain", "lineno": 111, "endpoint": "/root", "status": "success"}
{"timestamp": "2025-05-03 15:19:08,515", "level": "INFO", "message": "Корневой эндпоинт вызван", "module": "testmain", "lineno": 111, "endpoint": "/root", "status": "success"}
{"timestamp": "2025-05-03 15:19:08,534", "level": "INFO", "message": "Корневой эндпоинт вызван", "module": "testmain", "lineno": 111, "endpoint": "/root", "status": "success"}
{"timestamp": "2025-05-03 15:19:08,552", "level": "INFO", "message": "Корневой эндпоинт вызван", "module": "testmain", "lineno": 111, "endpoint": "/root", "status": "success"}
{"timestamp": "2025-05-03 15:19:08,566", "level": "INFO", "message": "Корневой эндпоинт вызван", "module": "testmain", "lineno": 111, "endpoint": "/root", "status": "success"}
{"timestamp": "2025-05-03 15:19:08,580", "level": "INFO", "message": "Корневой эндпоинт вызван", "module": "testmain", "lineno": 111, "endpoint": "/root", "status": "success"}
{"timestamp": "2025-05-03 15:19:08,593", "level": "INFO", "message": "Корневой эндпоинт вызван", "module": "testmain", "lineno": 111, "endpoint": "/root", "status": "success"}
{"timestamp": "2025-05-03 15:19:08,606", "level": "INFO", "message": "Корневой эндпоинт вызван", "module": "testmain", "lineno": 111, "endpoint": "/root", "status": "success"}
{"timestamp": "2025-05-03 15:19:08,624", "level": "INFO", "message": "Корневой эндпоинт вызван", "module": "testmain", "lineno": 111, "endpoint": "/root", "status": "success"}
{"timestamp": "2025-05-03 15:19:08,639", "level": "INFO", "message": "Корневой эндпоинт вызван", "module": "testmain", "lineno": 111, "endpoint": "/root", "status": "success"}
{"timestamp": "2025-05-03 15:19:08,652", "level": "INFO", "message": "Корневой эндпоинт вызван", "module": "testmain", "lineno": 111, "endpoint": "/root", "status": "success"}
{"timestamp": "2025-05-03 15:20:15,186", "level": "INFO", "message": "Корневой эндпоинт вызван", "module": "testmain", "lineno": 111, "endpoint": "/root", "status": "success"}
{"timestamp": "2025-05-03 15:20:15,202", "level": "INFO", "message": "Корневой эндпоинт вызван", "module": "testmain", "lineno": 111, "endpoint": "/root", "status": "success"}
{"timestamp": "2025-05-03 15:20:15,218", "level": "INFO", "message": "Корневой эндпоинт вызван", "module": "testmain", "lineno": 111, "endpoint": "/root", "status": "success"}
{"timestamp": "2025-05-03 15:20:15,231", "level": "INFO", "message": "Корневой эндпоинт вызван", "module": "testmain", "lineno": 111, "endpoint": "/root", "status": "success"}
{"timestamp": "2025-05-03 15:20:15,244", "level": "INFO", "message": "Корневой эндпоинт вызван", "module": "testmain", "lineno": 111, "endpoint": "/root", "status": "success"}
{"timestamp": "2025-05-03 15:20:15,259", "level": "INFO", "message": "Корневой эндпоинт вызван", "module": "testmain", "lineno": 111, "endpoint": "/root", "status": "success"}
{"timestamp": "2025-05-03 15:20:15,272", "level": "INFO", "message": "Корневой эндпоинт вызван", "module": "testmain", "lineno": 111, "endpoint": "/root", "status": "success"}
{"timestamp": "2025-05-03 15:20:15,285", "level": "INFO", "message": "Корневой эндпоинт вызван", "module": "testmain", "lineno": 111, "endpoint": "/root", "status": "success"}
{"timestamp": "2025-05-03 15:20:15,297", "level": "INFO", "message": "Корневой эндпоинт вызван", "module": "testmain", "lineno": 111, "endpoint": "/root", "status": "success"}
{"timestamp": "2025-05-03 15:20:15,317", "level": "INFO", "message": "Корневой эндпоинт вызван", "module": "testmain", "lineno": 111, "endpoint": "/root", "status": "success"}
{"timestamp": "2025-05-03 15:20:15,860", "level": "INFO", "message": "Корневой эндпоинт вызван", "module": "testmain", "lineno": 111, "endpoint": "/root", "status": "success"}
{"timestamp": "2025-05-03 15:20:15,873", "level": "INFO", "message": "Корневой эндпоинт вызван", "module": "testmain", "lineno": 111, "endpoint": "/root", "status": "success"}
{"timestamp": "2025-05-03 15:20:15,886", "level": "INFO", "message": "Корневой эндпоинт вызван", "module": "testmain", "lineno": 111, "endpoint": "/root", "status": "success"}
{"timestamp": "2025-05-03 15:20:15,900", "level": "INFO", "message": "Корневой эндпоинт вызван", "module": "testmain", "lineno": 111, "endpoint": "/root", "status": "success"}
{"timestamp": "2025-05-03 15:20:15,913", "level": "INFO", "message": "Корневой эндпоинт вызван", "module": "testmain", "lineno": 111, "endpoint": "/root", "status": "success"}
{"timestamp": "2025-05-03 15:20:15,927", "level": "INFO", "message": "Корневой эндпоинт вызван", "module": "testmain", "lineno": 111, "endpoint": "/root", "status": "success"}
{"timestamp": "2025-05-03 15:20:15,941", "level": "INFO", "message": "Корневой эндпоинт вызван", "module": "testmain", "lineno": 111, "endpoint": "/root", "status": "success"}
{"timestamp": "2025-05-03 15:20:15,955", "level": "INFO", "message": "Корневой эндпоинт вызван", "module": "testmain", "lineno": 111, "endpoint": "/root", "status": "success"}
{"timestamp": "2025-05-03 15:20:15,967", "level": "INFO", "message": "Корневой эндпоинт вызван", "module": "testmain", "lineno": 111, "endpoint": "/root", "status": "success"}
{"timestamp": "2025-05-03 15:20:15,980", "level": "INFO", "message": "Корневой эндпоинт вызван", "module": "testmain", "lineno": 111, "endpoint": "/root", "status": "success"}
{"timestamp": "2025-05-03 15:21:22,058", "level": "INFO", "message": "Корневой эндпоинт вызван", "module": "testmain", "lineno": 111, "endpoint": "/root", "status": "success"}
{"timestamp": "2025-05-03 15:21:22,073", "level": "INFO", "message": "Корневой эндпоинт вызван", "module": "testmain", "lineno": 111, "endpoint": "/root", "status": "success"}
{"timestamp": "2025-05-03 15:21:22,087", "level": "INFO", "message": "Корневой эндпоинт вызван", "module": "testmain", "lineno": 111, "endpoint": "/root", "status": "success"}
{"timestamp": "2025-05-03 15:21:22,101", "level": "INFO", "message": "Корневой эндпоинт вызван", "module": "testmain", "lineno": 111, "endpoint": "/root", "status": "success"}
{"timestamp": "2025-05-03 15:21:22,115", "level": "INFO", "message": "Корневой эндпоинт вызван", "module": "testmain", "lineno": 111, "endpoint": "/root", "status": "success"}
{"timestamp": "2025-05-03 15:21:22,129", "level": "INFO", "message": "Корневой эндпоинт вызван", "module": "testmain", "lineno": 111, "endpoint": "/root", "status": "success"}
{"timestamp": "2025-05-03 15:21:22,141", "level": "INFO", "message": "Корневой эндпоинт вызван", "module": "testmain", "lineno": 111, "endpoint": "/root", "status": "success"}
{"timestamp": "2025-05-03 15:21:22,154", "level": "INFO", "message": "Корневой эндпоинт вызван", "module": "testmain", "lineno": 111, "endpoint": "/root", "status": "success"}
{"timestamp": "2025-05-03 15:21:22,168", "level": "INFO", "message": "Корневой эндпоинт вызван", "module": "testmain", "lineno": 111, "endpoint": "/root", "status": "success"}
{"timestamp": "2025-05-03 15:21:22,181", "level": "INFO", "message": "Корневой эндпоинт вызван", "module": "testmain", "lineno": 111, "endpoint": "/root", "status": "success"}
{"timestamp": "2025-05-03 15:21:34,754", "level": "INFO", "message": "Корневой эндпоинт вызван", "module": "testmain", "lineno": 111, "endpoint": "/root", "status": "success"}
{"timestamp": "2025-05-03 15:21:34,769", "level": "INFO", "message": "Корневой эндпоинт вызван", "module": "testmain", "lineno": 111, "endpoint": "/root", "status": "success"}
{"timestamp": "2025-05-03 15:21:34,786", "level": "INFO", "message": "Корневой эндпоинт вызван", "module": "testmain", "lineno": 111, "endpoint": "/root", "status": "success"}
{"timestamp": "2025-05-03 15:21:34,799", "level": "INFO", "message": "Корневой эндпоинт вызван", "module": "testmain", "lineno": 111, "endpoint": "/root", "status": "success"}
{"timestamp": "2025-05-03 15:21:34,812", "level": "INFO", "message": "Корневой эндпоинт вызван", "module": "testmain", "lineno": 111, "endpoint": "/root", "status": "success"}
{"timestamp": "2025-05-03 15:21:34,827", "level": "INFO", "message": "Корневой эндпоинт вызван", "module": "testmain", "lineno": 111, "endpoint": "/root", "status": "success"}
{"timestamp": "2025-05-03 15:21:34,843", "level": "INFO", "message": "Корневой эндпоинт вызван", "module": "testmain", "lineno": 111, "endpoint": "/root", "status": "success"}
{"timestamp": "2025-05-03 15:21:34,860", "level": "INFO", "message": "Корневой эндпоинт вызван", "module": "testmain", "lineno": 111, "endpoint": "/root", "status": "success"}
{"timestamp": "2025-05-03 15:21:34,876", "level": "INFO", "message": "Корневой эндпоинт вызван", "module": "testmain", "lineno": 111, "endpoint": "/root", "status": "success"}
{"timestamp": "2025-05-03 15:21:34,891", "level": "INFO", "message": "Корневой эндпоинт вызван", "module": "testmain", "lineno": 111, "endpoint": "/root", "status": "success"}
{"timestamp": "2025-05-03 15:23:58,818", "level": "INFO", "message": "Корневой эндпоинт вызван", "module": "testmain", "lineno": 111, "endpoint": "/root", "status": "success"}
{"timestamp": "2025-05-03 15:23:58,839", "level": "INFO", "message": "Корневой эндпоинт вызван", "module": "testmain", "lineno": 111, "endpoint": "/root", "status": "success"}
{"timestamp": "2025-05-03 15:23:58,863", "level": "INFO", "message": "Корневой эндпоинт вызван", "module": "testmain", "lineno": 111, "endpoint": "/root", "status": "success"}
{"timestamp": "2025-05-03 15:23:58,880", "level": "INFO", "message": "Корневой эндпоинт вызван", "module": "testmain", "lineno": 111, "endpoint": "/root", "status": "success"}
{"timestamp": "2025-05-03 15:23:58,895", "level": "INFO", "message": "Корневой эндпоинт вызван", "module": "testmain", "lineno": 111, "endpoint": "/root", "status": "success"}
{"timestamp": "2025-05-03 15:23:58,914", "level": "INFO", "message": "Корневой эндпоинт вызван", "module": "testmain", "lineno": 111, "endpoint": "/root", "status": "success"}
{"timestamp": "2025-05-03 15:23:58,929", "level": "INFO", "message": "Корневой эндпоинт вызван", "module": "testmain", "lineno": 111, "endpoint": "/root", "status": "success"}
{"timestamp": "2025-05-03 15:23:58,944", "level": "INFO", "message": "Корневой эндпоинт вызван", "module": "testmain", "lineno": 111, "endpoint": "/root", "status": "success"}
{"timestamp": "2025-05-03 15:23:58,960", "level": "INFO", "message": "Корневой эндпоинт вызван", "module": "testmain", "lineno": 111, "endpoint": "/root", "status": "success"}
{"timestamp": "2025-05-03 15:23:58,974", "level": "INFO", "message": "Корневой эндпоинт вызван", "module": "testmain", "lineno": 111, "endpoint": "/root", "status": "success"}
{"timestamp": "2025-05-03 15:26:19,954", "level": "INFO", "message": "Корневой эндпоинт вызван", "module": "testmain", "lineno": 111, "endpoint": "/root", "status": "success"}
{"timestamp": "2025-05-03 15:26:19,969", "level": "INFO", "message": "Корневой эндпоинт вызван", "module": "testmain", "lineno": 111, "endpoint": "/root", "status": "success"}
{"timestamp": "2025-05-03 15:26:19,986", "level": "INFO", "message": "Корневой эндпоинт вызван", "module": "testmain", "lineno": 111, "endpoint": "/root", "status": "success"}
{"timestamp": "2025-05-03 15:26:20,001", "level": "INFO", "message": "Корневой эндпоинт вызван", "module": "testmain", "lineno": 111, "endpoint": "/root", "status": "success"}
{"timestamp": "2025-05-03 15:26:20,017", "level": "INFO", "message": "Корневой эндпоинт вызван", "module": "testmain", "lineno": 111, "endpoint": "/root", "status": "success"}
{"timestamp": "2025-05-03 15:26:20,029", "level": "INFO", "message": "Корневой эндпоинт вызван", "module": "testmain", "lineno": 111, "endpoint": "/root", "status": "success"}
{"timestamp": "2025-05-03 15:26:20,043", "level": "INFO", "message": "Корневой эндпоинт вызван", "module": "testmain", "lineno": 111, "endpoint": "/root", "status": "success"}
{"timestamp": "2025-05-03 15:26:20,057", "level": "INFO", "message": "Корневой эндпоинт вызван", "module": "testmain", "lineno": 111, "endpoint": "/root", "status": "success"}
{"timestamp": "2025-05-03 15:26:20,070", "level": "INFO", "message": "Корневой эндпоинт вызван", "module": "testmain", "lineno": 111, "endpoint": "/root", "status": "success"}
{"timestamp": "2025-05-03 15:26:20,083", "level": "INFO", "message": "Корневой эндпоинт вызван", "module": "testmain", "lineno": 111, "endpoint": "/root", "status": "success"}
{"timestamp": "2025-05-03 15:30:14,689", "level": "INFO", "message": "Корневой эндпоинт вызван", "module": "testmain", "lineno": 111, "endpoint": "/root", "status": "success"}
{"timestamp": "2025-05-03 15:30:14,704", "level": "INFO", "message": "Корневой эндпоинт вызван", "module": "testmain", "lineno": 111, "endpoint": "/root", "status": "success"}
{"timestamp": "2025-05-03 15:30:14,723", "level": "INFO", "message": "Корневой эндпоинт вызван", "module": "testmain", "lineno": 111, "endpoint": "/root", "status": "success"}
{"timestamp": "2025-05-03 15:30:14,740", "level": "INFO", "message": "Корневой эндпоинт вызван", "module": "testmain", "lineno": 111, "endpoint": "/root", "status": "success"}
{"timestamp": "2025-05-03 15:30:14,762", "level": "INFO", "message": "Корневой эндпоинт вызван", "module": "testmain", "lineno": 111, "endpoint": "/root", "status": "success"}
{"timestamp": "2025-05-03 15:30:14,777", "level": "INFO", "message": "Корневой эндпоинт вызван", "module": "testmain", "lineno": 111, "endpoint": "/root", "status": "success"}
{"timestamp": "2025-05-03 15:30:14,793", "level": "INFO", "message": "Корневой эндпоинт вызван", "module": "testmain", "lineno": 111, "endpoint": "/root", "status": "success"}
{"timestamp": "2025-05-03 15:30:14,808", "level": "INFO", "message": "Корневой эндпоинт вызван", "module": "testmain", "lineno": 111, "endpoint": "/root", "status": "success"}
{"timestamp": "2025-05-03 15:30:14,824", "level": "INFO", "message": "Корневой эндпоинт вызван", "module": "testmain", "lineno": 111, "endpoint": "/root", "status": "success"}
{"timestamp": "2025-05-03 15:30:14,837", "level": "INFO", "message": "Корневой эндпоинт вызван", "module": "testmain", "lineno": 111, "endpoint": "/root", "status": "success"}
{"timestamp": "2025-05-03 15:30:55,152", "level": "INFO", "message": "Корневой эндпоинт вызван", "module": "testmain", "lineno": 121, "server_name": "Server 3", "endpoint": "/root", "status": "success"}
{"timestamp": "2025-05-03 15:31:02,451", "level": "INFO", "message": "Корневой эндпоинт вызван", "module": "testmain", "lineno": 121, "server_name": "Server 1", "endpoint": "/root", "status": "success"}
{"timestamp": "2025-05-03 15:31:12,441", "level": "INFO", "message": "Корневой эндпоинт вызван", "module": "testmain", "lineno": 121, "server_name": "Server 2", "endpoint": "/root", "status": "success"}
{"timestamp": "2025-05-03 15:31:21,336", "level": "INFO", "message": "Корневой эндпоинт вызван", "module": "testmain", "lineno": 121, "server_name": "Server 2", "endpoint": "/root", "status": "success"}
{"timestamp": "2025-05-03 15:31:21,357", "level": "INFO", "message": "Корневой эндпоинт вызван", "module": "testmain", "lineno": 121, "server_name": "Server 3", "endpoint": "/root", "status": "success"}
{"timestamp": "2025-05-03 15:31:21,375", "level": "INFO", "message": "Корневой эндпоинт вызван", "module": "testmain", "lineno": 121, "server_name": "Server 1", "endpoint": "/root", "status": "success"}
{"timestamp": "2025-05-03 15:31:21,392", "level": "INFO", "message": "Корневой эндпоинт вызван", "module": "testmain", "lineno": 121, "server_name": "Server 2", "endpoint": "/root", "status": "success"}
{"timestamp": "2025-05-03 15:31:21,411", "level": "INFO", "message": "Корневой эндпоинт вызван", "module": "testmain", "lineno": 121, "server_name": "Server 3", "endpoint": "/root", "status": "success"}
{"timestamp": "2025-05-03 15:31:21,427", "level": "INFO", "message": "Корневой эндпоинт вызван", "module": "testmain", "lineno": 121, "server_name": "Server 1", "endpoint": "/root", "status": "success"}
{"timestamp": "2025-05-03 15:31:21,443", "level": "INFO", "message": "Корневой эндпоинт вызван", "module": "testmain", "lineno": 121, "server_name": "Server 2", "endpoint": "/root", "status": "success"}
{"timestamp": "2025-05-03 15:31:21,457", "level": "INFO", "message": "Корневой эндпоинт вызван", "module": "testmain", "lineno": 121, "server_name": "Server 3", "endpoint": "/root", "status": "success"}
{"timestamp": "2025-05-03 15:31:21,470", "level": "INFO", "message": "Корневой эндпоинт вызван", "module": "testmain", "lineno": 121, "server_name": "Server 1", "endpoint": "/root", "status": "success"}
{"timestamp": "2025-05-03 15:31:21,485", "level": "INFO", "message": "Корневой эндпоинт вызван", "module": "testmain", "lineno": 121, "server_name": "Server 2", "endpoint": "/root", "status": "success"}
{"timestamp": "2025-05-03 17:16:09,442", "level": "INFO", "message": "Корневой эндпоинт вызван", "module": "testmain", "lineno": 121, "server_name": "Server 1", "endpoint": "/root", "status": "success"}
{"timestamp": "2025-05-03 17:16:09,525", "level": "INFO", "message": "Корневой эндпоинт вызван", "module": "testmain", "lineno": 121, "server_name": "Server 2", "endpoint": "/root", "status": "success"}
{"timestamp": "2025-05-03 17:16:09,557", "level": "INFO", "message": "Корневой эндпоинт вызван", "module": "testmain", "lineno": 121, "server_name": "Server 1", "endpoint": "/root", "status": "success"}
{"timestamp": "2025-05-03 17:16:09,579", "level": "INFO", "message": "Корневой эндпоинт вызван", "module": "testmain", "lineno": 121, "server_name": "Server 2", "endpoint": "/root", "status": "success"}
{"timestamp": "2025-05-03 17:16:09,594", "level": "INFO", "message": "Корневой эндпоинт вызван", "module": "testmain", "lineno": 121, "server_name": "Server 1", "endpoint": "/root", "status": "success"}
{"timestamp": "2025-05-03 17:16:09,610", "level": "INFO", "message": "Корневой эндпоинт вызван", "module": "testmain", "lineno": 121, "server_name": "Server 2", "endpoint": "/root", "status": "success"}
{"timestamp": "2025-05-03 17:16:09,701", "level": "INFO", "message": "Корневой эндпоинт вызван", "module": "testmain", "lineno": 121, "server_name": "Server 1", "endpoint": "/root", "status": "success"}
{"timestamp": "2025-05-03 17:16:09,725", "level": "INFO", "message": "Корневой эндпоинт вызван", "module": "testmain", "lineno": 121, "server_name": "Server 2", "endpoint": "/root", "status": "success"}
{"timestamp": "2025-05-03 17:16:09,739", "level": "INFO", "message": "Корневой эндпоинт вызван", "module": "testmain", "lineno": 121, "server_name": "Server 1", "endpoint": "/root", "status": "success"}
{"timestamp": "2025-05-03 17:16:09,754", "level": "INFO", "message": "Корневой эндпоинт вызван", "module": "testmain", "lineno": 121, "server_name": "Server 2", "endpoint": "/root", "status": "success"}
{"timestamp": "2025-05-03 17:16:29,451", "level": "INFO", "message": "Корневой эндпоинт вызван", "module": "testmain", "lineno": 121, "server_name": "Server 1", "endpoint": "/root", "status": "success"}
{"timestamp": "2025-05-03 17:16:29,469", "level": "INFO", "message": "Корневой эндпоинт вызван", "module": "testmain", "lineno": 121, "server_name": "Server 2", "endpoint": "/root", "status": "success"}
{"timestamp": "2025-05-03 17:16:29,487", "level": "INFO", "message": "Корневой эндпоинт вызван", "module": "testmain", "lineno": 121, "server_name": "Server 1", "endpoint": "/root", "status": "success"}
{"timestamp": "2025-05-03 17:16:29,502", "level": "INFO", "message": "Корневой эндпоинт вызван", "module": "testmain", "lineno": 121, "server_name": "Server 2", "endpoint": "/root", "status": "success"}
{"timestamp": "2025-05-03 17:16:29,519", "level": "INFO", "message": "Корневой эндпоинт вызван", "module": "testmain", "lineno": 121, "server_name": "Server 1", "endpoint": "/root", "status": "success"}
{"timestamp": "2025-05-03 17:16:29,537", "level": "INFO", "message": "Корневой эндпоинт вызван", "module": "testmain", "lineno": 121, "server_name": "Server 2", "endpoint": "/root", "status": "success"}
{"timestamp": "2025-05-03 17:16:29,555", "level": "INFO", "message": "Корневой эндпоинт вызван", "module": "testmain", "lineno": 121, "server_name": "Server 1", "endpoint": "/root", "status": "success"}
{"timestamp": "2025-05-03 17:16:29,574", "level": "INFO", "message": "Корневой эндпоинт вызван", "module": "testmain", "lineno": 121, "server_name": "Server 2", "endpoint": "/root", "status": "success"}
{"timestamp": "2025-05-03 17:16:29,589", "level": "INFO", "message": "Корневой эндпоинт вызван", "module": "testmain", "lineno": 121, "server_name": "Server 1", "endpoint": "/root", "status": "success"}
{"timestamp": "2025-05-03 17:16:29,605", "level": "INFO", "message": "Корневой эндпоинт вызван", "module": "testmain", "lineno": 121, "server_name": "Server 2", "endpoint": "/root", "status": "success"}
{"timestamp": "2025-05-03 17:16:34,818", "level": "INFO", "message": "Корневой эндпоинт вызван", "module": "testmain", "lineno": 121, "server_name": "Server 1", "endpoint": "/root", "status": "success"}
{"timestamp": "2025-05-03 17:16:34,835", "level": "INFO", "message": "Корневой эндпоинт вызван", "module": "testmain", "lineno": 121, "server_name": "Server 2", "endpoint": "/root", "status": "success"}
{"timestamp": "2025-05-03 17:16:34,857", "level": "INFO", "message": "Корневой эндпоинт вызван", "module": "testmain", "lineno": 121, "server_name": "Server 1", "endpoint": "/root", "status": "success"}
{"timestamp": "2025-05-03 17:16:34,872", "level": "INFO", "message": "Корневой эндпоинт вызван", "module": "testmain", "lineno": 121, "server_name": "Server 2", "endpoint": "/root", "status": "success"}
{"timestamp": "2025-05-03 17:16:34,889", "level": "INFO", "message": "Корневой эндпоинт вызван", "module": "testmain", "lineno": 121, "server_name": "Server 1", "endpoint": "/root", "status": "success"}
{"timestamp": "2025-05-03 17:16:34,902", "level": "INFO", "message": "Корневой эндпоинт вызван", "module": "testmain", "lineno": 121, "server_name": "Server 2", "endpoint": "/root", "status": "success"}
{"timestamp": "2025-05-03 17:16:34,916", "level": "INFO", "message": "Корневой эндпоинт вызван", "module": "testmain", "lineno": 121, "server_name": "Server 1", "endpoint": "/root", "status": "success"}
{"timestamp": "2025-05-03 17:16:34,931", "level": "INFO", "message": "Корневой эндпоинт вызван", "module": "testmain", "lineno": 121, "server_name": "Server 2", "endpoint": "/root", "status": "success"}
{"timestamp": "2025-05-03 17:16:34,942", "level": "INFO", "message": "Корневой эндпоинт вызван", "module": "testmain", "lineno": 121, "server_name": "Server 1", "endpoint": "/root", "status": "success"}
{"timestamp": "2025-05-03 17:16:34,956", "level": "INFO", "message": "Корневой эндпоинт вызван", "module": "testmain", "lineno": 121, "server_name": "Server 2", "endpoint": "/root", "status": "success"}
{"timestamp": "2025-05-03 17:16:51,484", "level": "INFO", "message": "Корневой эндпоинт вызван", "module": "testmain", "lineno": 121, "server_name": "Server 1", "endpoint": "/root", "status": "success"}
{"timestamp": "2025-05-03 17:16:51,503", "level": "INFO", "message": "Корневой эндпоинт вызван", "module": "testmain", "lineno": 121, "server_name": "Server 2", "endpoint": "/root", "status": "success"}
{"timestamp": "2025-05-03 17:16:51,528", "level": "INFO", "message": "Корневой эндпоинт вызван", "module": "testmain", "lineno": 121, "server_name": "Server 1", "endpoint": "/root", "status": "success"}
{"timestamp": "2025-05-03 17:16:51,542", "level": "INFO", "message": "Корневой эндпоинт вызван", "module": "testmain", "lineno": 121, "server_name": "Server 2", "endpoint": "/root", "status": "success"}
{"timestamp": "2025-05-03 17:16:51,558", "level": "INFO", "message": "Корневой эндпоинт вызван", "module": "testmain", "lineno": 121, "server_name": "Server 1", "endpoint": "/root", "status": "success"}
{"timestamp": "2025-05-03 17:16:51,572", "level": "INFO", "message": "Корневой эндпоинт вызван", "module": "testmain", "lineno": 121, "server_name": "Server 2", "endpoint": "/root", "status": "success"}
{"timestamp": "2025-05-03 17:16:51,584", "level": "INFO", "message": "Корневой эндпоинт вызван", "module": "testmain", "lineno": 121, "server_name": "Server 1", "endpoint": "/root", "status": "success"}
{"timestamp": "2025-05-03 17:16:51,599", "level": "INFO", "message": "Корневой эндпоинт вызван", "module": "testmain", "lineno": 121, "server_name": "Server 2", "endpoint": "/root", "status": "success"}
{"timestamp": "2025-05-03 17:16:51,619", "level": "INFO", "message": "Корневой эндпоинт вызван", "module": "testmain", "lineno": 121, "server_name": "Server 1", "endpoint": "/root", "status": "success"}
{"timestamp": "2025-05-03 17:16:51,632", "level": "INFO", "message": "Корневой эндпоинт вызван", "module": "testmain", "lineno": 121, "server_name": "Server 2", "endpoint": "/root", "status": "success"}
{"timestamp": "2025-05-03 17:17:12,457", "level": "INFO", "message": "Корневой эндпоинт вызван", "module": "testmain", "lineno": 121, "server_name": "Server 3", "endpoint": "/root", "status": "success"}
{"timestamp": "2025-05-03 17:17:16,634", "level": "INFO", "message": "Корневой эндпоинт вызван", "module": "testmain", "lineno": 121, "server_name": "Server 1", "endpoint": "/root", "status": "success"}
{"timestamp": "2025-05-03 17:17:16,651", "level": "INFO", "message": "Корневой эндпоинт вызван", "module": "testmain", "lineno": 121, "server_name": "Server 2", "endpoint": "/root", "status": "success"}
{"timestamp": "2025-05-03 17:17:16,669", "level": "INFO", "message": "Корневой эндпоинт вызван", "module": "testmain", "lineno": 121, "server_name": "Server 3", "endpoint": "/root", "status": "success"}
{"timestamp": "2025-05-03 17:17:16,689", "level": "INFO", "message": "Корневой эндпоинт вызван", "module": "testmain", "lineno": 121, "server_name": "Server 1", "endpoint": "/root", "status": "success"}
{"timestamp": "2025-05-03 17:17:16,708", "level": "INFO", "message": "Корневой эндпоинт вызван", "module": "testmain", "lineno": 121, "server_name": "Server 2", "endpoint": "/root", "status": "success"}
{"timestamp": "2025-05-03 17:17:16,723", "level": "INFO", "message": "Корневой эндпоинт вызван", "module": "testmain", "lineno": 121, "server_name": "Server 3", "endpoint": "/root", "status": "success"}
{"timestamp": "2025-05-03 17:17:16,737", "level": "INFO", "message": "Корневой эндпоинт вызван", "module": "testmain", "lineno": 121, "server_name": "Server 1", "endpoint": "/root", "status": "success"}
{"timestamp": "2025-05-03 17:17:16,753", "level": "INFO", "message": "Корневой эндпоинт вызван", "module": "testmain", "lineno": 121, "server_name": "Server 2", "endpoint": "/root", "status": "success"}
{"timestamp": "2025-05-03 17:17:16,770", "level": "INFO", "message": "Корневой эндпоинт вызван", "module": "testmain", "lineno": 121, "server_name": "Server 3", "endpoint": "/root", "status": "success"}
{"timestamp": "2025-05-03 17:17:16,785", "level": "INFO", "message": "Корневой эндпоинт вызван", "module": "testmain", "lineno": 121, "server_name": "Server 1", "endpoint": "/root", "status": "success"}
{"timestamp": "2025-05-04 13:15:39,184", "level": "INFO", "message": "Корневой эндпоинт вызван", "module": "testmain", "lineno": 121, "server_name": "Server 1", "endpoint": "/root", "status": "success"}
{"timestamp": "2025-05-04 13:16:04,826", "level": "INFO", "message": "Корневой эндпоинт вызван", "module": "testmain", "lineno": 121, "server_name": "Server 2", "endpoint": "/root", "status": "success"}
{"timestamp": "2025-05-04 13:16:23,306", "level": "INFO", "message": "Корневой эндпоинт вызван", "module": "testmain", "lineno": 121, "server_name": "Server 2", "endpoint": "/root", "status": "success"}
{"timestamp": "2025-05-04 13:16:25,529", "level": "INFO", "message": "Эндпоинт вызван", "module": "testmain", "lineno": 107, "server_name": "Server 2", "endpoint": "/get-word", "status": "success"}
{"timestamp": "2025-05-04 13:16:26,020", "level": "INFO", "message": "Эндпоинт вызван", "module": "testmain", "lineno": 113, "server_name": "Server 2", "endpoint": "/get-number", "status": "success"}
{"timestamp": "2025-05-04 13:16:26,322", "level": "INFO", "message": "Эндпоинт вызван", "module": "testmain", "lineno": 95, "server_name": "Server 2", "endpoint": "/time", "status": "success"}
{"timestamp": "2025-05-04 13:16:37,645", "level": "INFO", "message": "Корневой эндпоинт вызван", "module": "testmain", "lineno": 121, "server_name": "Server 3", "endpoint": "/root", "status": "success"}
{"timestamp": "2025-05-04 13:16:43,396", "level": "INFO", "message": "Эндпоинт вызван", "module": "testmain", "lineno": 107, "server_name": "Server 3", "endpoint": "/get-word", "status": "success"}
{"timestamp": "2025-05-04 13:16:43,885", "level": "INFO", "message": "Эндпоинт вызван", "module": "testmain", "lineno": 113, "server_name": "Server 3", "endpoint": "/get-number", "status": "success"}
{"timestamp": "2025-05-04 13:16:43,993", "level": "INFO", "message": "Эндпоинт вызван", "module": "testmain", "lineno": 95, "server_name": "Server 3", "endpoint": "/time", "status": "success"}
{"timestamp": "2025-05-04 13:16:44,652", "level": "INFO", "message": "Эндпоинт вызван", "module": "testmain", "lineno": 107, "server_name": "Server 3", "endpoint": "/get-word", "status": "success"}
{"timestamp": "2025-05-04 13:16:47,150", "level": "INFO", "message": "Эндпоинт вызван", "module": "testmain", "lineno": 107, "server_name": "Server 2", "endpoint": "/get-word", "status": "success"}
{"timestamp": "2025-05-04 13:16:48,367", "level": "INFO", "message": "Эндпоинт вызван", "module": "testmain", "lineno": 113, "server_name": "Server 2", "endpoint": "/get-number", "status": "success"}
{"timestamp": "2025-05-04 13:16:49,033", "level": "INFO", "message": "Эндпоинт вызван", "module": "testmain", "lineno": 107, "server_name": "Server 2", "endpoint": "/get-word", "status": "success"}
{"timestamp": "2025-05-04 13:16:49,366", "level": "INFO", "message": "Эндпоинт вызван", "module": "testmain", "lineno": 95, "server_name": "Server 2", "endpoint": "/time", "status": "success"}
{"timestamp": "2025-05-04 13:16:51,313", "level": "INFO", "message": "Эндпоинт вызван", "module": "testmain", "lineno": 95, "server_name": "Server 1", "endpoint": "/time", "status": "success"}
{"timestamp": "2025-05-04 13:16:51,315", "level": "INFO", "message": "Эндпоинт вызван", "module": "testmain", "lineno": 113, "server_name": "Server 1", "endpoint": "/get-number", "status": "success"}
{"timestamp": "2025-05-04 13:16:51,316", "level": "INFO", "message": "Эндпоинт вызван", "module": "testmain", "lineno": 107, "server_name": "Server 1", "endpoint": "/get-word", "status": "success"}
{"timestamp": "2025-05-04 13:16:53,666", "level": "INFO", "message": "Эндпоинт вызван", "module": "testmain", "lineno": 113, "server_name": "Server 1", "endpoint": "/get-number", "status": "success"}
{"timestamp": "2025-05-04 13:16:53,666", "level": "INFO", "message": "Эндпоинт вызван", "module": "testmain", "lineno": 107, "server_name": "Server 1", "endpoint": "/get-word", "status": "success"}
{"timestamp": "2025-05-04 13:16:53,742", "level": "INFO", "message": "Эндпоинт вызван", "module": "testmain", "lineno": 113, "server_name": "Server 1", "endpoint": "/get-number", "status": "success"}
{"timestamp": "2025-05-04 13:16:53,877", "level": "INFO", "message": "Эндпоинт вызван", "module": "testmain", "lineno": 95, "server_name": "Server 1", "endpoint": "/time", "status": "success"}
{"timestamp": "2025-05-04 13:18:03,292", "level": "INFO", "message": "Корневой эндпоинт вызван", "module": "testmain", "lineno": 121, "server_name": "Server 1", "endpoint": "/root", "status": "success"}
{"timestamp": "2025-05-04 13:18:03,317", "level": "INFO", "message": "Корневой эндпоинт вызван", "module": "testmain", "lineno": 121, "server_name": "Server 1", "endpoint": "/root", "status": "success"}
{"timestamp": "2025-05-04 13:18:03,337", "level": "INFO", "message": "Корневой эндпоинт вызван", "module": "testmain", "lineno": 121, "server_name": "Server 1", "endpoint": "/root", "status": "success"}
{"timestamp": "2025-05-04 13:18:03,355", "level": "INFO", "message": "Корневой эндпоинт вызван", "module": "testmain", "lineno": 121, "server_name": "Server 1", "endpoint": "/root", "status": "success"}
{"timestamp": "2025-05-04 13:18:03,376", "level": "INFO", "message": "Корневой эндпоинт вызван", "module": "testmain", "lineno": 121, "server_name": "Server 1", "endpoint": "/root", "status": "success"}
{"timestamp": "2025-05-04 13:18:03,404", "level": "INFO", "message": "Корневой эндпоинт вызван", "module": "testmain", "lineno": 121, "server_name": "Server 1", "endpoint": "/root", "status": "success"}
{"timestamp": "2025-05-04 13:18:03,424", "level": "INFO", "message": "Корневой эндпоинт вызван", "module": "testmain", "lineno": 121, "server_name": "Server 1", "endpoint": "/root", "status": "success"}
{"timestamp": "2025-05-04 13:18:03,444", "level": "INFO", "message": "Корневой эндпоинт вызван", "module": "testmain", "lineno": 121, "server_name": "Server 1", "endpoint": "/root", "status": "success"}
{"timestamp": "2025-05-04 13:18:03,471", "level": "INFO", "message": "Корневой эндпоинт вызван", "module": "testmain", "lineno": 121, "server_name": "Server 2", "endpoint": "/root", "status": "success"}
{"timestamp": "2025-05-04 13:18:03,491", "level": "INFO", "message": "Корневой эндпоинт вызван", "module": "testmain", "lineno": 121, "server_name": "Server 3", "endpoint": "/root", "status": "success"}
{"timestamp": "2025-05-04 13:19:26,956", "level": "INFO", "message": "Корневой эндпоинт вызван", "module": "testmain", "lineno": 121, "server_name": "Server 1", "endpoint": "/root", "status": "success"}
{"timestamp": "2025-05-04 13:19:26,973", "level": "INFO", "message": "Корневой эндпоинт вызван", "module": "testmain", "lineno": 121, "server_name": "Server 2", "endpoint": "/root", "status": "success"}
{"timestamp": "2025-05-04 13:19:26,988", "level": "INFO", "message": "Корневой эндпоинт вызван", "module": "testmain", "lineno": 121, "server_name": "Server 3", "endpoint": "/root", "status": "success"}
{"timestamp": "2025-05-04 13:19:27,003", "level": "INFO", "message": "Корневой эндпоинт вызван", "module": "testmain", "lineno": 121, "server_name": "Server 1", "endpoint": "/root", "status": "success"}
{"timestamp": "2025-05-04 13:19:27,019", "level": "INFO", "message": "Корневой эндпоинт вызван", "module": "testmain", "lineno": 121, "server_name": "Server 2", "endpoint": "/root", "status": "success"}
{"timestamp": "2025-05-04 13:19:27,031", "level": "INFO", "message": "Корневой эндпоинт вызван", "module": "testmain", "lineno": 121, "server_name": "Server 3", "endpoint": "/root", "status": "success"}
{"timestamp": "2025-05-04 13:19:27,043", "level": "INFO", "message": "Корневой эндпоинт вызван", "module": "testmain", "lineno": 121, "server_name": "Server 1", "endpoint": "/root", "status": "success"}
{"timestamp": "2025-05-04 13:19:27,058", "level": "INFO", "message": "Корневой эндпоинт вызван", "module": "testmain", "lineno": 121, "server_name": "Server 2", "endpoint": "/root", "status": "success"}
{"timestamp": "2025-05-04 13:19:27,072", "level": "INFO", "message": "Корневой эндпоинт вызван", "module": "testmain", "lineno": 121, "server_name": "Server 3", "endpoint": "/root", "status": "success"}
{"timestamp": "2025-05-04 13:19:27,086", "level": "INFO", "message": "Корневой эндпоинт вызван", "module": "testmain", "lineno": 121, "server_name": "Server 1", "endpoint": "/root", "status": "success"}
